<?xml version="1.0" encoding="UTF-8"?>
<!-- Generated by org.testng.reporters.JUnitReportReporter -->
<testsuite hostname="DESKTOP-HR4HVE7" failures="0" tests="1" name="com.e2e.testcases.FirstTest" time="29.009" errors="0" timestamp="2022-08-15T10:21:38 IST" skipped="0">
  <testcase classname="com.e2e.testcases.FirstTest" name="tapAction" time="29.009"/>
  <system-out/>
</testsuite> <!-- com.e2e.testcases.FirstTest -->
